# JRE version: OpenJDK Runtime Environment Temurin-17.0.3+7 (17.0.3+7) (build 17.0.3+7)
# Java VM: OpenJDK 64-Bit Server VM Temurin-17.0.3+7 (17.0.3+7, mixed mode, sharing, tiered, compressed oops, compressed class ptrs, g1 gc, windows-amd64)
GC Precious Log:
 CPUs: 16 total, 16 available
 Memory: 15792M
 Large Page Support: Disabled
 NUMA Support: Disabled
 Compressed Oops: Enabled (32-bit)
 Heap Region Size: 1M
 Heap Min Capacity: 256M
 Heap Initial Capacity: 256M
 Heap Max Capacity: 512M
 Pre-touch: Disabled
 Parallel Workers: 13
 Concurrent Workers: 3
 Concurrent Refinement Workers: 13
 Periodic GC: Disabled
Heap:
 garbage-first heap   total 262144K, used 182063K [0x00000000e0000000, 0x0000000100000000)
  region size 1024K, 133 young (136192K), 3 survivors (3072K)
 Metaspace       used 61189K, committed 61888K, reserved 270336K
  class space    used 8232K, committed 8576K, reserved 212992K
GC Heap History (20 events):
Event: 0.648 GC heap before
{Heap before GC invocations=1 (full 0):
 garbage-first heap   total 262144K, used 38621K [0x00000000e0000000, 0x0000000100000000)
  region size 1024K, 31 young (31744K), 3 survivors (3072K)
 Metaspace       used 3958K, committed 4160K, reserved 221184K
  class space    used 476K, committed 576K, reserved 212992K
}
Event: 0.651 GC heap after
{Heap after GC invocations=2 (full 0):
 garbage-first heap   total 262144K, used 13213K [0x00000000e0000000, 0x0000000100000000)
  region size 1024K, 4 young (4096K), 4 survivors (4096K)
 Metaspace       used 3958K, committed 4160K, reserved 221184K
  class space    used 476K, committed 576K, reserved 212992K
}
Event: 2.514 GC heap before
{Heap before GC invocations=2 (full 0):
 garbage-first heap   total 262144K, used 113565K [0x00000000e0000000, 0x0000000100000000)
  region size 1024K, 103 young (105472K), 4 survivors (4096K)
 Metaspace       used 21256K, committed 21504K, reserved 237568K
  class space    used 3126K, committed 3264K, reserved 212992K
}
Event: 2.522 GC heap after
{Heap after GC invocations=3 (full 0):
 garbage-first heap   total 262144K, used 20776K [0x00000000e0000000, 0x0000000100000000)
  region size 1024K, 12 young (12288K), 12 survivors (12288K)
 Metaspace       used 21256K, committed 21504K, reserved 237568K
  class space    used 3126K, committed 3264K, reserved 212992K
}
Event: 4.264 GC heap before
{Heap before GC invocations=4 (full 0):
 garbage-first heap   total 262144K, used 152872K [0x00000000e0000000, 0x0000000100000000)
  region size 1024K, 140 young (143360K), 12 survivors (12288K)
 Metaspace       used 35692K, committed 36096K, reserved 245760K
  class space    used 4882K, committed 5056K, reserved 212992K
}
Event: 4.277 GC heap after
{Heap after GC invocations=5 (full 0):
 garbage-first heap   total 262144K, used 31577K [0x00000000e0000000, 0x0000000100000000)
  region size 1024K, 18 young (18432K), 18 survivors (18432K)
 Metaspace       used 35692K, committed 36096K, reserved 245760K
  class space    used 4882K, committed 5056K, reserved 212992K
}
Event: 4.289 GC heap before
{Heap before GC invocations=5 (full 0):
 garbage-first heap   total 262144K, used 31577K [0x00000000e0000000, 0x0000000100000000)
  region size 1024K, 19 young (19456K), 18 survivors (18432K)
 Metaspace       used 36052K, committed 36416K, reserved 245760K
  class space    used 4915K, committed 5056K, reserved 212992K
}
Event: 4.299 GC heap after
{Heap after GC invocations=6 (full 0):
 garbage-first heap   total 262144K, used 33142K [0x00000000e0000000, 0x0000000100000000)
  region size 1024K, 3 young (3072K), 3 survivors (3072K)
 Metaspace       used 36052K, committed 36416K, reserved 245760K
  class space    used 4915K, committed 5056K, reserved 212992K
}
Event: 4.321 GC heap before
{Heap before GC invocations=6 (full 0):
 garbage-first heap   total 262144K, used 34166K [0x00000000e0000000, 0x0000000100000000)
  region size 1024K, 5 young (5120K), 3 survivors (3072K)
 Metaspace       used 36382K, committed 36736K, reserved 245760K
  class space    used 4957K, committed 5120K, reserved 212992K
}
Event: 4.322 GC heap after
{Heap after GC invocations=7 (full 0):
 garbage-first heap   total 262144K, used 31153K [0x00000000e0000000, 0x0000000100000000)
  region size 1024K, 1 young (1024K), 1 survivors (1024K)
 Metaspace       used 36382K, committed 36736K, reserved 245760K
  class space    used 4957K, committed 5120K, reserved 212992K
}
Event: 7.315 GC heap before
{Heap before GC invocations=8 (full 0):
 garbage-first heap   total 262144K, used 183729K [0x00000000e0000000, 0x0000000100000000)
  region size 1024K, 150 young (153600K), 1 survivors (1024K)
 Metaspace       used 50300K, committed 50752K, reserved 262144K
  class space    used 6809K, committed 7040K, reserved 212992K
}
Event: 7.325 GC heap after
{Heap after GC invocations=9 (full 0):
 garbage-first heap   total 262144K, used 38621K [0x00000000e0000000, 0x0000000100000000)
  region size 1024K, 8 young (8192K), 8 survivors (8192K)
 Metaspace       used 50300K, committed 50752K, reserved 262144K
  class space    used 6809K, committed 7040K, reserved 212992K
}
Event: 7.357 GC heap before
{Heap before GC invocations=9 (full 0):
 garbage-first heap   total 262144K, used 42717K [0x00000000e0000000, 0x0000000100000000)
  region size 1024K, 12 young (12288K), 8 survivors (8192K)
 Metaspace       used 50301K, committed 50752K, reserved 262144K
  class space    used 6809K, committed 7040K, reserved 212992K
}
Event: 7.362 GC heap after
{Heap after GC invocations=10 (full 0):
 garbage-first heap   total 262144K, used 39166K [0x00000000e0000000, 0x0000000100000000)
  region size 1024K, 1 young (1024K), 1 survivors (1024K)
 Metaspace       used 50301K, committed 50752K, reserved 262144K
  class space    used 6809K, committed 7040K, reserved 212992K
}
Event: 9.673 GC heap before
{Heap before GC invocations=10 (full 0):
 garbage-first heap   total 262144K, used 188670K [0x00000000e0000000, 0x0000000100000000)
  region size 1024K, 147 young (150528K), 1 survivors (1024K)
 Metaspace       used 58423K, committed 58944K, reserved 270336K
  class space    used 7922K, committed 8128K, reserved 212992K
}
Event: 9.679 GC heap after
{Heap after GC invocations=11 (full 0):
 garbage-first heap   total 262144K, used 47145K [0x00000000e0000000, 0x0000000100000000)
  region size 1024K, 9 young (9216K), 9 survivors (9216K)
 Metaspace       used 58423K, committed 58944K, reserved 270336K
  class space    used 7922K, committed 8128K, reserved 212992K
}
Event: 11.134 GC heap before
{Heap before GC invocations=12 (full 0):
 garbage-first heap   total 262144K, used 193577K [0x00000000e0000000, 0x0000000100000000)
  region size 1024K, 153 young (156672K), 9 survivors (9216K)
 Metaspace       used 59424K, committed 60032K, reserved 270336K
  class space    used 7945K, committed 8192K, reserved 212992K
}
Event: 11.142 GC heap after
{Heap after GC invocations=13 (full 0):
 garbage-first heap   total 262144K, used 50751K [0x00000000e0000000, 0x0000000100000000)
  region size 1024K, 13 young (13312K), 13 survivors (13312K)
 Metaspace       used 59424K, committed 60032K, reserved 270336K
  class space    used 7945K, committed 8192K, reserved 212992K
}
Event: 11.473 GC heap before
{Heap before GC invocations=13 (full 0):
 garbage-first heap   total 262144K, used 194111K [0x00000000e0000000, 0x0000000100000000)
  region size 1024K, 153 young (156672K), 13 survivors (13312K)
 Metaspace       used 59475K, committed 60032K, reserved 270336K
  class space    used 7953K, committed 8192K, reserved 212992K
}
Event: 11.480 GC heap after
{Heap after GC invocations=14 (full 0):
 garbage-first heap   total 262144K, used 49967K [0x00000000e0000000, 0x0000000100000000)
  region size 1024K, 3 young (3072K), 3 survivors (3072K)
 Metaspace       used 59475K, committed 60032K, reserved 270336K
  class space    used 7953K, committed 8192K, reserved 212992K
}

